2020-11-12T22:13:45+00:00 ERROR Error getting remote inbox notification data feed
2020-11-12T22:13:45+00:00 ERROR WP_Error Object
(
    [errors] => Array
        (
            [http_request_failed] => Array
                (
                    [0] => cURL error 6: Could not resolve host: woocommerce.com
                )

        )

    [error_data] => Array
        (
        )

)

2020-11-12T22:13:45+00:00 ERROR Error getting remote inbox notification data feed
2020-11-12T22:13:45+00:00 ERROR WP_Error Object
(
    [errors] => Array
        (
            [http_request_failed] => Array
                (
                    [0] => cURL error 6: Could not resolve host: woocommerce.com
                )

        )

    [error_data] => Array
        (
        )

)

2020-11-12T22:35:10+00:00 ERROR Error getting remote inbox notification data feed
2020-11-12T22:35:10+00:00 ERROR WP_Error Object
(
    [errors] => Array
        (
            [http_request_failed] => Array
                (
                    [0] => cURL error 28: Resolving timed out after 5000 milliseconds
                )

        )

    [error_data] => Array
        (
        )

)

2020-11-12T22:57:58+00:00 ERROR Error getting remote inbox notification data feed
2020-11-12T22:57:58+00:00 ERROR WP_Error Object
(
    [errors] => Array
        (
            [http_request_failed] => Array
                (
                    [0] => cURL error 28: Resolving timed out after 5000 milliseconds
                )

        )

    [error_data] => Array
        (
        )

)

2020-11-12T22:58:47+00:00 ERROR Error getting remote inbox notification data feed
2020-11-12T22:58:47+00:00 ERROR WP_Error Object
(
    [errors] => Array
        (
            [http_request_failed] => Array
                (
                    [0] => cURL error 28: Resolving timed out after 5000 milliseconds
                )

        )

    [error_data] => Array
        (
        )

)

2020-11-12T22:59:10+00:00 ERROR Error getting remote inbox notification data feed
2020-11-12T22:59:10+00:00 ERROR WP_Error Object
(
    [errors] => Array
        (
            [http_request_failed] => Array
                (
                    [0] => cURL error 28: Resolving timed out after 5000 milliseconds
                )

        )

    [error_data] => Array
        (
        )

)

2020-11-12T22:59:29+00:00 ERROR Error getting remote inbox notification data feed
2020-11-12T22:59:29+00:00 ERROR WP_Error Object
(
    [errors] => Array
        (
            [http_request_failed] => Array
                (
                    [0] => cURL error 28: Resolving timed out after 5000 milliseconds
                )

        )

    [error_data] => Array
        (
        )

)

2020-11-12T22:59:45+00:00 ERROR Error getting remote inbox notification data feed
2020-11-12T22:59:45+00:00 ERROR WP_Error Object
(
    [errors] => Array
        (
            [http_request_failed] => Array
                (
                    [0] => cURL error 28: Resolving timed out after 5000 milliseconds
                )

        )

    [error_data] => Array
        (
        )

)

2020-11-12T22:59:58+00:00 ERROR Error getting remote inbox notification data feed
2020-11-12T22:59:58+00:00 ERROR WP_Error Object
(
    [errors] => Array
        (
            [http_request_failed] => Array
                (
                    [0] => cURL error 28: Connection timed out after 5001 milliseconds
                )

        )

    [error_data] => Array
        (
        )

)

2020-11-12T23:00:10+00:00 ERROR Error getting remote inbox notification data feed
2020-11-12T23:00:10+00:00 ERROR WP_Error Object
(
    [errors] => Array
        (
            [http_request_failed] => Array
                (
                    [0] => cURL error 28: Connection timed out after 5001 milliseconds
                )

        )

    [error_data] => Array
        (
        )

)

2020-11-12T23:00:26+00:00 ERROR Error getting remote inbox notification data feed
2020-11-12T23:00:26+00:00 ERROR WP_Error Object
(
    [errors] => Array
        (
            [http_request_failed] => Array
                (
                    [0] => cURL error 28: Operation timed out after 5000 milliseconds with 0 out of 0 bytes received
                )

        )

    [error_data] => Array
        (
        )

)

